2025-03-19 18:56:59 [INFO]: PUT /api/courses/67da4219d8d3c9711a691461
2025-03-19 18:58:28 [INFO]: PUT /api/courses/67da41bbd8d3c9711a69143e
2025-03-19 18:59:17 [INFO]: PUT /api/courses/67da41bbd8d3c9711a69143e
2025-03-19 18:59:43 [INFO]: PUT /api/courses/67da41bbd8d3c9711a69143e
2025-03-19 19:03:06 [INFO]: PUT /api/courses/67da41bbd8d3c9711a69143e
2025-03-19 19:03:06 [INFO]: GET /api/courses
2025-03-19 19:03:30 [INFO]: GET /api/courses
2025-03-19 19:03:42 [INFO]: POST /api/auth/login
2025-03-19 19:03:42 [INFO]: Request Body: {"email":"officialkasun@hotmail.com","password":"adminPassword123"}
2025-03-19 19:03:45 [INFO]: GET /api/users
2025-03-19 19:03:52 [INFO]: GET /api/courses
2025-03-19 19:04:01 [INFO]: GET /api/users/lecturer
2025-03-19 19:04:04 [INFO]: GET /api/users/lecturer
2025-03-19 19:04:19 [INFO]: GET /api/users/lecturer
2025-03-19 19:04:31 [INFO]: GET /api/users/lecturer
2025-03-19 19:04:34 [INFO]: PUT /api/courses/67da41bbd8d3c9711a69143e
2025-03-19 19:04:34 [INFO]: Request Body: {"name":"Python Batch 01","code":"Py-B01","description":"Python Course","instructor":"67da3ac67c119886cd7c24de","schedule":{"day":"Saturday","startTime":"8:00 AM","endTime":"10:30 AM"},"lectureMaterials":[]}
2025-03-19 19:04:34 [INFO]: GET /api/courses
2025-03-19 19:04:38 [INFO]: GET /api/users/lecturer
2025-03-19 19:12:38 [INFO]: GET /api/users/lecturer
2025-03-19 19:12:43 [INFO]: GET /api/users/lecturer
2025-03-19 19:17:31 [INFO]: GET /api/courses/lecturer
2025-03-19 19:17:33 [INFO]: GET /api/courses/lecturer
2025-03-19 19:17:38 [INFO]: GET /api/coursses/lecturer
2025-03-19 19:18:24 [INFO]: GET /api/courses
2025-03-19 19:18:33 [INFO]: GET /api/coursessss
2025-03-19 19:18:33 [INFO]: GET /api/coursessss
2025-03-19 19:18:46 [INFO]: GET /api/courses/lecturer
2025-03-19 19:18:46 [INFO]: GET /api/courses/lecturer
2025-03-19 19:19:07 [INFO]: GET /api/courses/lecturer
2025-03-19 19:19:17 [INFO]: GET /api/users/lecturer
2025-03-19 19:19:22 [INFO]: PUT /api/courses/67da41e6d8d3c9711a69144f
2025-03-19 19:19:22 [INFO]: Request Body: {"name":"Java Batch 01","code":"Jv-B01","description":"Java Programming Language","instructor":"67dabe52904b9a221ce37c7f","schedule":{"day":"Sunday","startTime":"12:00 PM","endTime":"7:00 PM"},"lectureMaterials":[]}
2025-03-19 19:19:23 [INFO]: GET /api/courses
2025-03-19 19:19:27 [INFO]: GET /api/courses/lecturer
2025-03-19 19:19:30 [INFO]: GET /api/users/lecturer
2025-03-19 19:19:42 [INFO]: PUT /api/courses/67da41e6d8d3c9711a69144f
2025-03-19 19:19:42 [INFO]: Request Body: {"name":"Java Batch 01","code":"Jv-B01","description":"Java Programming Languagea","instructor":"67dabe52904b9a221ce37c7f","schedule":{"day":"Sunday","startTime":"12:00 PM","endTime":"7:00 PM"},"lectureMaterials":[]}
2025-03-19 19:19:43 [INFO]: GET /api/courses/lecturer
2025-03-19 19:19:46 [INFO]: GET /api/users/lecturer
2025-03-19 19:19:49 [INFO]: PUT /api/courses/67da41e6d8d3c9711a69144f
2025-03-19 19:19:49 [INFO]: Request Body: {"name":"Java Batch 01","code":"Jv-B01","description":"Java Programming Language","instructor":"67dabe52904b9a221ce37c7f","schedule":{"day":"Sunday","startTime":"12:00 PM","endTime":"7:00 PM"},"lectureMaterials":[]}
2025-03-19 19:19:49 [INFO]: GET /api/courses/lecturer
